<?xml version="1.0" encoding="utf-8"?><testsuites name="pytest tests"><testsuite name="pytest" errors="0" failures="0" skipped="0" tests="73" time="4.818" timestamp="2025-08-30T12:43:05.309320+02:00" hostname="Shays-MacBook-Pro.local"><testcase classname="tests.security.test_auth_manager.TestAuthUser" name="test_user_creation" time="0.035" /><testcase classname="tests.security.test_auth_manager.TestAuthUser" name="test_user_has_role" time="0.000" /><testcase classname="tests.security.test_auth_manager.TestAuthUser" name="test_user_has_permission_direct" time="0.000" /><testcase classname="tests.security.test_auth_manager.TestAuthUser" name="test_user_has_permission_role_based" time="0.000" /><testcase classname="tests.security.test_auth_manager.TestAuthUser" name="test_user_super_admin_permissions" time="0.000" /><testcase classname="tests.security.test_auth_manager.TestAuthUser" name="test_user_is_locked" time="0.000" /><testcase classname="tests.security.test_auth_manager.TestAuthUser" name="test_user_to_dict" time="0.000" /><testcase classname="tests.security.test_auth_manager.TestAuthToken" name="test_token_creation" time="0.000" /><testcase classname="tests.security.test_auth_manager.TestAuthToken" name="test_token_is_expired" time="0.000" /><testcase classname="tests.security.test_auth_manager.TestAuthToken" name="test_token_is_valid" time="0.000" /><testcase classname="tests.security.test_auth_manager.TestAuthToken" name="test_token_to_dict" time="0.000" /><testcase classname="tests.security.test_auth_manager.TestAuthManager" name="test_auth_manager_initialization" time="0.000" /><testcase classname="tests.security.test_auth_manager.TestAuthManager" name="test_create_user_success" time="0.194" /><testcase classname="tests.security.test_auth_manager.TestAuthManager" name="test_create_user_duplicate" time="0.197" /><testcase classname="tests.security.test_auth_manager.TestAuthManager" name="test_create_user_weak_password" time="0.000" /><testcase classname="tests.security.test_auth_manager.TestAuthManager" name="test_authenticate_user_success" time="0.558" /><testcase classname="tests.security.test_auth_manager.TestAuthManager" name="test_authenticate_user_invalid_credentials" time="0.363" /><testcase classname="tests.security.test_auth_manager.TestAuthManager" name="test_authenticate_user_account_lockout" time="0.723" /><testcase classname="tests.security.test_auth_manager.TestAuthManager" name="test_create_token" time="0.180" /><testcase classname="tests.security.test_auth_manager.TestAuthManager" name="test_validate_token" time="0.181" /><testcase classname="tests.security.test_auth_manager.TestAuthManager" name="test_validate_invalid_token" time="0.000" /><testcase classname="tests.security.test_auth_manager.TestAuthManager" name="test_revoke_token" time="0.181" /><testcase classname="tests.security.test_auth_manager.TestAuthManager" name="test_revoke_user_tokens" time="0.183" /><testcase classname="tests.security.test_auth_manager.TestAuthManager" name="test_setup_mfa" time="0.216" /><testcase classname="tests.security.test_auth_manager.TestAuthManager" name="test_enable_mfa" time="0.186" /><testcase classname="tests.security.test_auth_manager.TestAuthManager" name="test_change_password" time="0.907" /><testcase classname="tests.security.test_auth_manager.TestAuthManager" name="test_get_user_methods" time="0.185" /><testcase classname="tests.security.test_auth_manager.TestAuthManager" name="test_get_statistics" time="0.389" /><testcase classname="tests.security.test_jwt_handler.TestJWTConfig" name="test_config_creation_valid" time="0.000" /><testcase classname="tests.security.test_jwt_handler.TestJWTConfig" name="test_config_creation_invalid_secret" time="0.000" /><testcase classname="tests.security.test_jwt_handler.TestJWTConfig" name="test_config_defaults" time="0.000" /><testcase classname="tests.security.test_jwt_handler.TestTokenClaims" name="test_claims_creation" time="0.000" /><testcase classname="tests.security.test_jwt_handler.TestTokenClaims" name="test_claims_to_dict" time="0.000" /><testcase classname="tests.security.test_jwt_handler.TestTokenClaims" name="test_claims_from_dict" time="0.000" /><testcase classname="tests.security.test_jwt_handler.TestJWTHandler" name="test_handler_initialization" time="0.000" /><testcase classname="tests.security.test_jwt_handler.TestJWTHandler" name="test_handler_invalid_config" time="0.000" /><testcase classname="tests.security.test_jwt_handler.TestJWTHandler" name="test_create_access_token" time="0.000" /><testcase classname="tests.security.test_jwt_handler.TestJWTHandler" name="test_create_refresh_token" time="0.000" /><testcase classname="tests.security.test_jwt_handler.TestJWTHandler" name="test_create_custom_token" time="0.000" /><testcase classname="tests.security.test_jwt_handler.TestJWTHandler" name="test_validate_token_success" time="0.000" /><testcase classname="tests.security.test_jwt_handler.TestJWTHandler" name="test_validate_token_wrong_type" time="0.001" /><testcase classname="tests.security.test_jwt_handler.TestJWTHandler" name="test_validate_token_invalid" time="0.000" /><testcase classname="tests.security.test_jwt_handler.TestJWTHandler" name="test_validate_token_expired" time="0.000" /><testcase classname="tests.security.test_jwt_handler.TestJWTHandler" name="test_validate_token_blacklisted" time="0.000" /><testcase classname="tests.security.test_jwt_handler.TestJWTHandler" name="test_refresh_access_token" time="0.000" /><testcase classname="tests.security.test_jwt_handler.TestJWTHandler" name="test_refresh_with_invalid_token" time="0.000" /><testcase classname="tests.security.test_jwt_handler.TestJWTHandler" name="test_revoke_token" time="0.000" /><testcase classname="tests.security.test_jwt_handler.TestJWTHandler" name="test_revoke_invalid_token" time="0.000" /><testcase classname="tests.security.test_jwt_handler.TestJWTHandler" name="test_extract_claims_without_validation" time="0.000" /><testcase classname="tests.security.test_jwt_handler.TestJWTHandler" name="test_get_token_info" time="0.000" /><testcase classname="tests.security.test_jwt_handler.TestJWTHandler" name="test_get_statistics" time="0.000" /><testcase classname="tests.security.test_rate_limiter.TestRateLimitRule" name="test_rule_creation" time="0.000" /><testcase classname="tests.security.test_rate_limiter.TestRateLimitRule" name="test_rule_generate_key_simple" time="0.000" /><testcase classname="tests.security.test_rate_limiter.TestRateLimitRule" name="test_rule_generate_key_dict" time="0.000" /><testcase classname="tests.security.test_rate_limiter.TestRateLimitRule" name="test_rule_generate_key_custom" time="0.000" /><testcase classname="tests.security.test_rate_limiter.TestRateLimitRule" name="test_rule_is_exempt" time="0.000" /><testcase classname="tests.security.test_rate_limiter.TestRateLimitConfig" name="test_config_creation_empty" time="0.000" /><testcase classname="tests.security.test_rate_limiter.TestRateLimitConfig" name="test_config_creation_custom" time="0.000" /><testcase classname="tests.security.test_rate_limiter.TestRateLimiter" name="test_limiter_initialization" time="0.000" /><testcase classname="tests.security.test_rate_limiter.TestRateLimiter" name="test_add_remove_rule" time="0.000" /><testcase classname="tests.security.test_rate_limiter.TestRateLimiter" name="test_sliding_window_allow" time="0.000" /><testcase classname="tests.security.test_rate_limiter.TestRateLimiter" name="test_sliding_window_block" time="0.001" /><testcase classname="tests.security.test_rate_limiter.TestRateLimiter" name="test_sliding_window_recovery" time="0.000" /><testcase classname="tests.security.test_rate_limiter.TestRateLimiter" name="test_token_bucket_strategy" time="0.000" /><testcase classname="tests.security.test_rate_limiter.TestRateLimiter" name="test_fixed_window_strategy" time="0.000" /><testcase classname="tests.security.test_rate_limiter.TestRateLimiter" name="test_exemption_handling" time="0.000" /><testcase classname="tests.security.test_rate_limiter.TestRateLimiter" name="test_reset_rate_limit" time="0.000" /><testcase classname="tests.security.test_rate_limiter.TestRateLimiter" name="test_rate_limit_status" time="0.000" /><testcase classname="tests.security.test_rate_limiter.TestRateLimiter" name="test_rate_limit_status_nonexistent_rule" time="0.000" /><testcase classname="tests.security.test_rate_limiter.TestRateLimiter" name="test_multiple_rules" time="0.000" /><testcase classname="tests.security.test_rate_limiter.TestRateLimiter" name="test_specific_rules_check" time="0.000" /><testcase classname="tests.security.test_rate_limiter.TestRateLimiter" name="test_metrics_collection" time="0.000" /><testcase classname="tests.security.test_rate_limiter.TestRateLimiter" name="test_get_statistics" time="0.000" /></testsuite></testsuites>