<?xml version="1.0" encoding="utf-8"?><testsuites name="pytest tests"><testsuite name="pytest" errors="5" failures="0" skipped="0" tests="5" time="28.002" timestamp="2025-08-30T12:25:32.768962+02:00" hostname="Shays-MacBook-Pro.local"><testcase classname="" name="tests.integration.test_api_integration" time="0.000"><error message="collection failure">ImportError while importing test module '/Users/shamusrae/Library/Mobile Documents/com~apple~CloudDocs/Cricket /wicketwise/tests/integration/test_api_integration.py'.
Hint: make sure your test modules/packages have valid Python names.
Traceback:
/Library/Frameworks/Python.framework/Versions/3.13/lib/python3.13/importlib/__init__.py:88: in import_module
    return _bootstrap._gcd_import(name[level:], package, level)
           ^^^^^^^^^^^^^^^^^^^^^^^^^^^^^^^^^^^^^^^^^^^^^^^^^^^^
tests/integration/test_api_integration.py:14: in &lt;module&gt;
    from modern_api_gateway import app
E   ModuleNotFoundError: No module named 'modern_api_gateway'</error></testcase><testcase classname="" name="tests.test_betting_simulator" time="0.000"><error message="collection failure">ImportError while importing test module '/Users/shamusrae/Library/Mobile Documents/com~apple~CloudDocs/Cricket /wicketwise/tests/test_betting_simulator.py'.
Hint: make sure your test modules/packages have valid Python names.
Traceback:
/Library/Frameworks/Python.framework/Versions/3.13/lib/python3.13/importlib/__init__.py:88: in import_module
    return _bootstrap._gcd_import(name[level:], package, level)
           ^^^^^^^^^^^^^^^^^^^^^^^^^^^^^^^^^^^^^^^^^^^^^^^^^^^^
tests/test_betting_simulator.py:17: in &lt;module&gt;
    from wicketwise.betting_simulator import (
E   ModuleNotFoundError: No module named 'wicketwise.betting_simulator'</error></testcase><testcase classname="" name="tests.test_embedding_visualizer" time="0.000"><error message="collection failure">ImportError while importing test module '/Users/shamusrae/Library/Mobile Documents/com~apple~CloudDocs/Cricket /wicketwise/tests/test_embedding_visualizer.py'.
Hint: make sure your test modules/packages have valid Python names.
Traceback:
/Library/Frameworks/Python.framework/Versions/3.13/lib/python3.13/importlib/__init__.py:88: in import_module
    return _bootstrap._gcd_import(name[level:], package, level)
           ^^^^^^^^^^^^^^^^^^^^^^^^^^^^^^^^^^^^^^^^^^^^^^^^^^^^
tests/test_embedding_visualizer.py:17: in &lt;module&gt;
    from embedding_visualizer import (
embedding_visualizer.py:18: in &lt;module&gt;
    import streamlit as st
E   ModuleNotFoundError: No module named 'streamlit'</error></testcase><testcase classname="" name="tests.test_layout_utils" time="0.000"><error message="collection failure">ImportError while importing test module '/Users/shamusrae/Library/Mobile Documents/com~apple~CloudDocs/Cricket /wicketwise/tests/test_layout_utils.py'.
Hint: make sure your test modules/packages have valid Python names.
Traceback:
/Library/Frameworks/Python.framework/Versions/3.13/lib/python3.13/importlib/__init__.py:88: in import_module
    return _bootstrap._gcd_import(name[level:], package, level)
           ^^^^^^^^^^^^^^^^^^^^^^^^^^^^^^^^^^^^^^^^^^^^^^^^^^^^
tests/test_layout_utils.py:6: in &lt;module&gt;
    import streamlit as st
E   ModuleNotFoundError: No module named 'streamlit'</error></testcase><testcase classname="" name="tests.test_match_splitter" time="0.000"><error message="collection failure">ImportError while importing test module '/Users/shamusrae/Library/Mobile Documents/com~apple~CloudDocs/Cricket /wicketwise/tests/test_match_splitter.py'.
Hint: make sure your test modules/packages have valid Python names.
Traceback:
/Library/Frameworks/Python.framework/Versions/3.13/lib/python3.13/importlib/__init__.py:88: in import_module
    return _bootstrap._gcd_import(name[level:], package, level)
           ^^^^^^^^^^^^^^^^^^^^^^^^^^^^^^^^^^^^^^^^^^^^^^^^^^^^
tests/test_match_splitter.py:15: in &lt;module&gt;
    from wicketwise.match_splitter import (
E   ModuleNotFoundError: No module named 'wicketwise.match_splitter'</error></testcase></testsuite></testsuites>